{"/home/andreas/work/node-jpegtran/lib/JpegTran.js":{"path":"/home/andreas/work/node-jpegtran/lib/JpegTran.js","s":{"1":1,"2":1,"3":4,"4":4,"5":4,"6":4,"7":1,"8":1,"9":1,"10":1,"11":0,"12":1,"13":1,"14":0,"15":1,"16":2,"17":2,"18":2,"19":1,"20":6,"21":1,"22":5,"23":4,"24":4,"25":4,"26":0,"27":4,"28":4,"29":4,"30":4,"31":4,"32":4,"33":4,"34":0,"35":0,"36":4,"37":14,"38":14,"39":4,"40":4,"41":2,"42":2,"43":4,"44":4,"45":1,"46":4,"47":8,"48":3,"49":5,"50":5,"51":1,"52":4,"53":2,"54":4,"55":1,"56":3,"57":0,"58":3,"59":1,"60":1,"61":0,"62":1,"63":1,"64":1,"65":1,"66":1,"67":1},"b":{"1":[0,1],"2":[1,0],"3":[2,0],"4":[1,5],"5":[4,1],"6":[0,4],"7":[3,1],"8":[0,4],"9":[4,2],"10":[4,0],"11":[2,2],"12":[1,3],"13":[3,5],"14":[2,2],"15":[1,3],"16":[0,3],"17":[0,1],"18":[1,0]},"f":{"1":4,"2":1,"3":1,"4":2,"5":6,"6":4,"7":0,"8":4,"9":14,"10":4,"11":8,"12":4,"13":1,"14":1},"fnMap":{"1":{"name":"JpegTran","line":7,"loc":{"start":{"line":7,"column":0},"end":{"line":7,"column":32}}},"2":{"name":"(anonymous_2)","line":19,"loc":{"start":{"line":19,"column":38},"end":{"line":19,"column":52}}},"3":{"name":"(anonymous_3)","line":20,"loc":{"start":{"line":20,"column":22},"end":{"line":20,"column":57}}},"4":{"name":"(anonymous_4)","line":32,"loc":{"start":{"line":32,"column":34},"end":{"line":32,"column":49}}},"5":{"name":"(anonymous_5)","line":39,"loc":{"start":{"line":39,"column":27},"end":{"line":39,"column":44}}},"6":{"name":"(anonymous_6)","line":45,"loc":{"start":{"line":45,"column":35},"end":{"line":45,"column":70}}},"7":{"name":"(anonymous_7)","line":58,"loc":{"start":{"line":58,"column":55},"end":{"line":58,"column":67}}},"8":{"name":"(anonymous_8)","line":60,"loc":{"start":{"line":60,"column":48},"end":{"line":60,"column":68}}},"9":{"name":"(anonymous_9)","line":67,"loc":{"start":{"line":67,"column":55},"end":{"line":67,"column":72}}},"10":{"name":"(anonymous_10)","line":70,"loc":{"start":{"line":70,"column":40},"end":{"line":70,"column":52}}},"11":{"name":"(anonymous_11)","line":85,"loc":{"start":{"line":85,"column":44},"end":{"line":85,"column":61}}},"12":{"name":"(anonymous_12)","line":98,"loc":{"start":{"line":98,"column":25},"end":{"line":98,"column":42}}},"13":{"name":"(anonymous_13)","line":113,"loc":{"start":{"line":113,"column":27},"end":{"line":113,"column":39}}},"14":{"name":"(anonymous_14)","line":120,"loc":{"start":{"line":120,"column":28},"end":{"line":120,"column":40}}}},"statementMap":{"1":{"start":{"line":1,"column":0},"end":{"line":5,"column":43}},"2":{"start":{"line":7,"column":0},"end":{"line":15,"column":1}},"3":{"start":{"line":8,"column":4},"end":{"line":8,"column":22}},"4":{"start":{"line":10,"column":4},"end":{"line":10,"column":37}},"5":{"start":{"line":12,"column":4},"end":{"line":12,"column":41}},"6":{"start":{"line":14,"column":4},"end":{"line":14,"column":26}},"7":{"start":{"line":17,"column":0},"end":{"line":17,"column":32}},"8":{"start":{"line":19,"column":0},"end":{"line":30,"column":3}},"9":{"start":{"line":20,"column":4},"end":{"line":29,"column":7}},"10":{"start":{"line":21,"column":8},"end":{"line":23,"column":9}},"11":{"start":{"line":22,"column":12},"end":{"line":22,"column":62}},"12":{"start":{"line":24,"column":8},"end":{"line":28,"column":9}},"13":{"start":{"line":25,"column":12},"end":{"line":25,"column":41}},"14":{"start":{"line":27,"column":12},"end":{"line":27,"column":131}},"15":{"start":{"line":32,"column":0},"end":{"line":37,"column":2}},"16":{"start":{"line":33,"column":4},"end":{"line":36,"column":5}},"17":{"start":{"line":34,"column":8},"end":{"line":34,"column":29}},"18":{"start":{"line":35,"column":8},"end":{"line":35,"column":32}},"19":{"start":{"line":39,"column":0},"end":{"line":96,"column":2}},"20":{"start":{"line":40,"column":4},"end":{"line":95,"column":5}},"21":{"start":{"line":41,"column":8},"end":{"line":41,"column":48}},"22":{"start":{"line":43,"column":8},"end":{"line":93,"column":9}},"23":{"start":{"line":44,"column":12},"end":{"line":44,"column":37}},"24":{"start":{"line":45,"column":12},"end":{"line":92,"column":26}},"25":{"start":{"line":46,"column":16},"end":{"line":48,"column":17}},"26":{"start":{"line":47,"column":20},"end":{"line":47,"column":50}},"27":{"start":{"line":49,"column":16},"end":{"line":49,"column":117}},"28":{"start":{"line":50,"column":16},"end":{"line":50,"column":97}},"29":{"start":{"line":52,"column":16},"end":{"line":52,"column":46}},"30":{"start":{"line":54,"column":16},"end":{"line":54,"column":79}},"31":{"start":{"line":58,"column":16},"end":{"line":58,"column":71}},"32":{"start":{"line":60,"column":16},"end":{"line":65,"column":30}},"33":{"start":{"line":61,"column":20},"end":{"line":64,"column":21}},"34":{"start":{"line":62,"column":24},"end":{"line":62,"column":130}},"35":{"start":{"line":63,"column":24},"end":{"line":63,"column":45}},"36":{"start":{"line":67,"column":16},"end":{"line":79,"column":30}},"37":{"start":{"line":68,"column":20},"end":{"line":68,"column":49}},"38":{"start":{"line":69,"column":20},"end":{"line":69,"column":45}},"39":{"start":{"line":71,"column":20},"end":{"line":78,"column":21}},"40":{"start":{"line":72,"column":24},"end":{"line":76,"column":25}},"41":{"start":{"line":73,"column":28},"end":{"line":73,"column":45}},"42":{"start":{"line":75,"column":28},"end":{"line":75,"column":120}},"43":{"start":{"line":77,"column":24},"end":{"line":77,"column":45}},"44":{"start":{"line":81,"column":16},"end":{"line":83,"column":17}},"45":{"start":{"line":82,"column":20},"end":{"line":82,"column":56}},"46":{"start":{"line":85,"column":16},"end":{"line":91,"column":25}},"47":{"start":{"line":86,"column":20},"end":{"line":90,"column":21}},"48":{"start":{"line":87,"column":24},"end":{"line":87,"column":57}},"49":{"start":{"line":89,"column":24},"end":{"line":89,"column":64}},"50":{"start":{"line":94,"column":8},"end":{"line":94,"column":40}},"51":{"start":{"line":98,"column":0},"end":{"line":111,"column":2}},"52":{"start":{"line":99,"column":4},"end":{"line":101,"column":5}},"53":{"start":{"line":100,"column":8},"end":{"line":100,"column":26}},"54":{"start":{"line":102,"column":4},"end":{"line":110,"column":5}},"55":{"start":{"line":103,"column":8},"end":{"line":103,"column":41}},"56":{"start":{"line":105,"column":8},"end":{"line":108,"column":9}},"57":{"start":{"line":107,"column":12},"end":{"line":107,"column":38}},"58":{"start":{"line":109,"column":8},"end":{"line":109,"column":39}},"59":{"start":{"line":113,"column":0},"end":{"line":118,"column":2}},"60":{"start":{"line":114,"column":4},"end":{"line":116,"column":5}},"61":{"start":{"line":115,"column":8},"end":{"line":115,"column":44}},"62":{"start":{"line":117,"column":4},"end":{"line":117,"column":25}},"63":{"start":{"line":120,"column":0},"end":{"line":125,"column":2}},"64":{"start":{"line":121,"column":4},"end":{"line":123,"column":5}},"65":{"start":{"line":122,"column":8},"end":{"line":122,"column":45}},"66":{"start":{"line":124,"column":4},"end":{"line":124,"column":26}},"67":{"start":{"line":127,"column":0},"end":{"line":127,"column":26}}},"branchMap":{"1":{"line":21,"type":"if","locations":[{"start":{"line":21,"column":8},"end":{"line":21,"column":8}},{"start":{"line":21,"column":8},"end":{"line":21,"column":8}}]},"2":{"line":24,"type":"if","locations":[{"start":{"line":24,"column":8},"end":{"line":24,"column":8}},{"start":{"line":24,"column":8},"end":{"line":24,"column":8}}]},"3":{"line":33,"type":"if","locations":[{"start":{"line":33,"column":4},"end":{"line":33,"column":4}},{"start":{"line":33,"column":4},"end":{"line":33,"column":4}}]},"4":{"line":40,"type":"if","locations":[{"start":{"line":40,"column":4},"end":{"line":40,"column":4}},{"start":{"line":40,"column":4},"end":{"line":40,"column":4}}]},"5":{"line":43,"type":"if","locations":[{"start":{"line":43,"column":8},"end":{"line":43,"column":8}},{"start":{"line":43,"column":8},"end":{"line":43,"column":8}}]},"6":{"line":46,"type":"if","locations":[{"start":{"line":46,"column":16},"end":{"line":46,"column":16}},{"start":{"line":46,"column":16},"end":{"line":46,"column":16}}]},"7":{"line":49,"type":"cond-expr","locations":[{"start":{"line":49,"column":77},"end":{"line":49,"column":110}},{"start":{"line":49,"column":113},"end":{"line":49,"column":115}}]},"8":{"line":61,"type":"if","locations":[{"start":{"line":61,"column":20},"end":{"line":61,"column":20}},{"start":{"line":61,"column":20},"end":{"line":61,"column":20}}]},"9":{"line":61,"type":"binary-expr","locations":[{"start":{"line":61,"column":24},"end":{"line":61,"column":36}},{"start":{"line":61,"column":40},"end":{"line":61,"column":54}}]},"10":{"line":71,"type":"if","locations":[{"start":{"line":71,"column":20},"end":{"line":71,"column":20}},{"start":{"line":71,"column":20},"end":{"line":71,"column":20}}]},"11":{"line":72,"type":"if","locations":[{"start":{"line":72,"column":24},"end":{"line":72,"column":24}},{"start":{"line":72,"column":24},"end":{"line":72,"column":24}}]},"12":{"line":81,"type":"if","locations":[{"start":{"line":81,"column":16},"end":{"line":81,"column":16}},{"start":{"line":81,"column":16},"end":{"line":81,"column":16}}]},"13":{"line":86,"type":"if","locations":[{"start":{"line":86,"column":20},"end":{"line":86,"column":20}},{"start":{"line":86,"column":20},"end":{"line":86,"column":20}}]},"14":{"line":99,"type":"if","locations":[{"start":{"line":99,"column":4},"end":{"line":99,"column":4}},{"start":{"line":99,"column":4},"end":{"line":99,"column":4}}]},"15":{"line":102,"type":"if","locations":[{"start":{"line":102,"column":4},"end":{"line":102,"column":4}},{"start":{"line":102,"column":4},"end":{"line":102,"column":4}}]},"16":{"line":105,"type":"if","locations":[{"start":{"line":105,"column":8},"end":{"line":105,"column":8}},{"start":{"line":105,"column":8},"end":{"line":105,"column":8}}]},"17":{"line":114,"type":"if","locations":[{"start":{"line":114,"column":4},"end":{"line":114,"column":4}},{"start":{"line":114,"column":4},"end":{"line":114,"column":4}}]},"18":{"line":121,"type":"if","locations":[{"start":{"line":121,"column":4},"end":{"line":121,"column":4}},{"start":{"line":121,"column":4},"end":{"line":121,"column":4}}]}}}}