TN:
SF:/home/andreas/work/node-jpegtran/lib/JpegTran.js
FN:7,JpegTran
FN:19,(anonymous_2)
FN:20,(anonymous_3)
FN:32,(anonymous_4)
FN:39,(anonymous_5)
FN:45,(anonymous_6)
FN:58,(anonymous_7)
FN:60,(anonymous_8)
FN:67,(anonymous_9)
FN:70,(anonymous_10)
FN:85,(anonymous_11)
FN:98,(anonymous_12)
FN:113,(anonymous_13)
FN:120,(anonymous_14)
FNF:14
FNH:13
FNDA:4,JpegTran
FNDA:1,(anonymous_2)
FNDA:1,(anonymous_3)
FNDA:2,(anonymous_4)
FNDA:6,(anonymous_5)
FNDA:4,(anonymous_6)
FNDA:0,(anonymous_7)
FNDA:4,(anonymous_8)
FNDA:14,(anonymous_9)
FNDA:4,(anonymous_10)
FNDA:8,(anonymous_11)
FNDA:4,(anonymous_12)
FNDA:1,(anonymous_13)
FNDA:1,(anonymous_14)
DA:1,1
DA:7,1
DA:8,4
DA:10,4
DA:12,4
DA:14,4
DA:17,1
DA:19,1
DA:20,1
DA:21,1
DA:22,0
DA:24,1
DA:25,1
DA:27,0
DA:32,1
DA:33,2
DA:34,2
DA:35,2
DA:39,1
DA:40,6
DA:41,1
DA:43,5
DA:44,4
DA:45,4
DA:46,4
DA:47,0
DA:49,4
DA:50,4
DA:52,4
DA:54,4
DA:58,4
DA:60,4
DA:61,4
DA:62,0
DA:63,0
DA:67,4
DA:68,14
DA:69,14
DA:71,4
DA:72,4
DA:73,2
DA:75,2
DA:77,4
DA:81,4
DA:82,1
DA:85,4
DA:86,8
DA:87,3
DA:89,5
DA:94,5
DA:98,1
DA:99,4
DA:100,2
DA:102,4
DA:103,1
DA:105,3
DA:107,0
DA:109,3
DA:113,1
DA:114,1
DA:115,0
DA:117,1
DA:120,1
DA:121,1
DA:122,1
DA:124,1
DA:127,1
LF:67
LH:60
BRDA:21,1,0,0
BRDA:21,1,1,1
BRDA:24,2,0,1
BRDA:24,2,1,0
BRDA:33,3,0,2
BRDA:33,3,1,0
BRDA:40,4,0,1
BRDA:40,4,1,5
BRDA:43,5,0,4
BRDA:43,5,1,1
BRDA:46,6,0,0
BRDA:46,6,1,4
BRDA:49,7,0,3
BRDA:49,7,1,1
BRDA:61,8,0,0
BRDA:61,8,1,4
BRDA:61,9,0,4
BRDA:61,9,1,2
BRDA:71,10,0,4
BRDA:71,10,1,0
BRDA:72,11,0,2
BRDA:72,11,1,2
BRDA:81,12,0,1
BRDA:81,12,1,3
BRDA:86,13,0,3
BRDA:86,13,1,5
BRDA:99,14,0,2
BRDA:99,14,1,2
BRDA:102,15,0,1
BRDA:102,15,1,3
BRDA:105,16,0,0
BRDA:105,16,1,3
BRDA:114,17,0,0
BRDA:114,17,1,1
BRDA:121,18,0,1
BRDA:121,18,1,0
BRF:36
BRH:27
end_of_record
